[    0.000000] Initializing cgroup subsys cpuset
[    0.000000] Initializing cgroup subsys cpu
[    0.000000] Initializing cgroup subsys cpuacct
[    0.000000] Linux version 4.4.0-210-generic (buildd@lgw01-amd64-009) (gcc version 5.4.0 20160609 (Ubuntu 5.4.0-6ubuntu1~16.04.12) ) #242-Ubuntu SMP Fri Apr 16 09:57:56 UTC 2021 (Ubuntu 4.4.0-210.242-generic 4.4.262)
[    0.000000] Command line: BOOT_IMAGE=/boot/vmlinuz-4.4.0-210-generic root=LABEL=cloudimg-rootfs ro console=tty1 console=ttyS0
[    0.000000] KERNEL supported cpus:
[    0.000000]   Intel GenuineIntel
[    0.000000]   AMD AuthenticAMD
[    0.000000]   Centaur CentaurHauls
[    0.000000] x86/fpu: Legacy x87 FPU detected.
[    0.000000] e820: BIOS-provided physical RAM map:
[    0.000000] BIOS-e820: [mem 0x0000000000000000-0x000000000009fbff] usable
[    0.000000] BIOS-e820: [mem 0x000000000009fc00-0x000000000009ffff] reserved
[    0.000000] BIOS-e820: [mem 0x00000000000f0000-0x00000000000fffff] reserved
[    0.000000] BIOS-e820: [mem 0x0000000000100000-0x000000003ffeffff] usable
[    0.000000] BIOS-e820: [mem 0x000000003fff0000-0x000000003fffffff] ACPI data
[    0.000000] BIOS-e820: [mem 0x00000000fec00000-0x00000000fec00fff] reserved
[    0.000000] BIOS-e820: [mem 0x00000000fee00000-0x00000000fee00fff] reserved
[    0.000000] BIOS-e820: [mem 0x00000000fffc0000-0x00000000ffffffff] reserved
[    0.000000] NX (Execute Disable) protection: active
[    0.000000] SMBIOS 2.5 present.
[    0.000000] Hypervisor detected: KVM
[    0.000000] e820: last_pfn = 0x3fff0 max_arch_pfn = 0x400000000
[    0.000000] MTRR: Disabled
[    0.000000] x86/PAT: MTRRs disabled, skipping PAT initialization too.
[    0.000000] CPU MTRRs all blank - virtualized system.
[    0.000000] x86/PAT: Configuration [0-7]: WB  WT  UC- UC  WB  WT  UC- UC  
[    0.000000] found SMP MP-table at [mem 0x0009fff0-0x0009ffff] mapped at [ffff88000009fff0]
[    0.000000] Scanning 1 areas for low memory corruption
[    0.000000] RAMDISK: [mem 0x362dc000-0x37165fff]
[    0.000000] ACPI: Early table checksum verification disabled
[    0.000000] ACPI: RSDP 0x00000000000E0000 000024 (v02 VBOX  )
[    0.000000] ACPI: XSDT 0x000000003FFF0030 00003C (v01 VBOX   VBOXXSDT 00000001 ASL  00000061)
[    0.000000] ACPI: FACP 0x000000003FFF00F0 0000F4 (v04 VBOX   VBOXFACP 00000001 ASL  00000061)
[    0.000000] ACPI: DSDT 0x000000003FFF0610 002353 (v02 VBOX   VBOXBIOS 00000002 INTL 20100528)
[    0.000000] ACPI: FACS 0x000000003FFF0200 000040
[    0.000000] ACPI: FACS 0x000000003FFF0200 000040
[    0.000000] ACPI: APIC 0x000000003FFF0240 00005C (v02 VBOX   VBOXAPIC 00000001 ASL  00000061)
[    0.000000] ACPI: SSDT 0x000000003FFF02A0 00036C (v01 VBOX   VBOXCPUT 00000002 INTL 20100528)
[    0.000000] No NUMA configuration found
[    0.000000] Faking a node at [mem 0x0000000000000000-0x000000003ffeffff]
[    0.000000] NODE_DATA(0) allocated [mem 0x3ffeb000-0x3ffeffff]
[    0.000000] kvm-clock: Using msrs 4b564d01 and 4b564d00
[    0.000000] kvm-clock: cpu 0, msr 0:3ffe3001, primary cpu clock
[    0.000000] kvm-clock: using sched offset of 4486556035 cycles
[    0.000000] clocksource: kvm-clock: mask: 0xffffffffffffffff max_cycles: 0x1cd42e4dffb, max_idle_ns: 881590591483 ns
[    0.000000] Zone ranges:
[    0.000000]   DMA      [mem 0x0000000000001000-0x0000000000ffffff]
[    0.000000]   DMA32    [mem 0x0000000001000000-0x000000003ffeffff]
[    0.000000]   Normal   empty
[    0.000000]   Device   empty
[    0.000000] Movable zone start for each node
[    0.000000] Early memory node ranges
[    0.000000]   node   0: [mem 0x0000000000001000-0x000000000009efff]
[    0.000000]   node   0: [mem 0x0000000000100000-0x000000003ffeffff]
[    0.000000] Initmem setup node 0 [mem 0x0000000000001000-0x000000003ffeffff]
[    0.000000] ACPI: PM-Timer IO Port: 0x4008
[    0.000000] IOAPIC[0]: apic_id 2, version 32, address 0xfec00000, GSI 0-23
[    0.000000] ACPI: INT_SRC_OVR (bus 0 bus_irq 0 global_irq 2 dfl dfl)
[    0.000000] ACPI: INT_SRC_OVR (bus 0 bus_irq 9 global_irq 9 low level)
[    0.000000] Using ACPI (MADT) for SMP configuration information
[    0.000000] smpboot: Allowing 2 CPUs, 0 hotplug CPUs
[    0.000000] PM: Registered nosave memory: [mem 0x00000000-0x00000fff]
[    0.000000] PM: Registered nosave memory: [mem 0x0009f000-0x0009ffff]
[    0.000000] PM: Registered nosave memory: [mem 0x000a0000-0x000effff]
[    0.000000] PM: Registered nosave memory: [mem 0x000f0000-0x000fffff]
[    0.000000] e820: [mem 0x40000000-0xfebfffff] available for PCI devices
[    0.000000] Booting paravirtualized kernel on KVM
[    0.000000] clocksource: refined-jiffies: mask: 0xffffffff max_cycles: 0xffffffff, max_idle_ns: 7645519600211568 ns
[    0.000000] setup_percpu: NR_CPUS:512 nr_cpumask_bits:512 nr_cpu_ids:2 nr_node_ids:1
[    0.000000] PERCPU: Embedded 33 pages/cpu @ffff88003fc00000 s95192 r8192 d31784 u1048576
[    0.000000] Built 1 zonelists in Node order, mobility grouping on.  Total pages: 257912
[    0.000000] Policy zone: DMA32
[    0.000000] Kernel command line: BOOT_IMAGE=/boot/vmlinuz-4.4.0-210-generic root=LABEL=cloudimg-rootfs ro console=tty1 console=ttyS0
[    0.000000] PID hash table entries: 4096 (order: 3, 32768 bytes)
[    0.000000] Memory: 997792K/1048120K available (8644K kernel code, 1332K rwdata, 4044K rodata, 1492K init, 1164K bss, 50328K reserved, 0K cma-reserved)
[    0.000000] SLUB: HWalign=64, Order=0-3, MinObjects=0, CPUs=2, Nodes=1
[    0.000000] Kernel/User page tables isolation: enabled
[    0.000000] Hierarchical RCU implementation.
[    0.000000] 	Build-time adjustment of leaf fanout to 64.
[    0.000000] 	RCU restricting CPUs from NR_CPUS=512 to nr_cpu_ids=2.
[    0.000000] RCU: Adjusting geometry for rcu_fanout_leaf=64, nr_cpu_ids=2
[    0.000000] NR_IRQS:33024 nr_irqs:440 16
[    0.000000] Console: colour VGA+ 80x25
[    0.000000] console [tty1] enabled
[    0.000000] console [ttyS0] enabled
[    0.000000] tsc: Detected 2711.998 MHz processor
[    1.060187] Calibrating delay loop (skipped) preset value.. 5423.99 BogoMIPS (lpj=10847992)
[    1.081195] pid_max: default: 32768 minimum: 301
[    1.095317] ACPI: Core revision 20150930
[    1.107100] ACPI: 2 ACPI AML tables successfully acquired and loaded
[    1.121786] Security Framework initialized
[    1.133630] Yama: becoming mindful.
[    1.151667] AppArmor: AppArmor initialized
[    1.163140] Dentry cache hash table entries: 131072 (order: 8, 1048576 bytes)
[    1.191109] Inode-cache hash table entries: 65536 (order: 7, 524288 bytes)
[    1.212995] Mount-cache hash table entries: 2048 (order: 2, 16384 bytes)
[    1.269469] Mountpoint-cache hash table entries: 2048 (order: 2, 16384 bytes)
[    1.317311] Initializing cgroup subsys io
[    1.332801] Initializing cgroup subsys memory
[    1.347459] Initializing cgroup subsys devices
[    1.360773] Initializing cgroup subsys freezer
[    1.369554] Initializing cgroup subsys net_cls
[    1.381156] Initializing cgroup subsys perf_event
[    1.393366] Initializing cgroup subsys net_prio
[    1.405823] Initializing cgroup subsys hugetlb
[    1.418836] Initializing cgroup subsys pids
[    1.429727] mce: CPU supports 0 MCE banks
[    1.442633] Last level iTLB entries: 4KB 64, 2MB 8, 4MB 8
[    1.454825] Last level dTLB entries: 4KB 64, 2MB 0, 4MB 0, 1GB 4
[    1.469390] Spectre V1 : Mitigation: usercopy/swapgs barriers and __user pointer sanitization
[    1.491252] Spectre V2 : Mitigation: Full generic retpoline
[    1.509227] Spectre V2 : Spectre v2 / SpectreRSB mitigation: Filling RSB on context switch
[    1.532968] Speculative Store Bypass: Vulnerable
[    1.543125] SRBDS: Unknown: Dependent on hypervisor status
[    1.561741] MDS: Mitigation: Clear CPU buffers
[    1.702394] Freeing SMP alternatives memory: 36K
[    1.952124] ftrace: allocating 32380 entries in 127 pages
[    3.634033] smpboot: APIC(0) Converting physical 0 to logical package 0
[    3.674408] smpboot: Max logical packages: 1
[    3.783795] ..TIMER: vector=0x30 apic1=0 pin1=2 apic2=-1 pin2=-1
[    3.922233] APIC calibration not consistent with PM-Timer: 108ms instead of 100ms
[    3.934995] APIC delta adjusted to PM-Timer: 6453043 (7018118)
[    3.946977] smpboot: CPU0: Intel(R) Core(TM) i5-7200U CPU @ 2.50GHz (family: 0x6, model: 0x8e, stepping: 0x9)
[    3.963897] Performance Events: unsupported p6 CPU model 142 no PMU driver, software events only.
[    4.218848] KVM setup paravirtual spinlock
[    4.230415] x86: Booting SMP configuration:
[    4.238219] .... node  #0, CPUs:      #1
[    4.247724] kvm-clock: cpu 1, msr 0:3ffe3041, secondary cpu clock
[    4.259387] mce: CPU supports 0 MCE banks
[    4.265763] TSC synchronization [CPU#0 -> CPU#1]:
[    4.273919] Measured 106463 cycles TSC warp between CPUs, turning off TSC clock.
[    4.286238] tsc: Marking TSC unstable due to check_tsc_sync_source failed
[    1.030231] x86: Booted up 1 node, 2 CPUs
[    1.032008] smpboot: Total of 2 processors activated (10847.99 BogoMIPS)
[    1.044948] devtmpfs: initialized
[    1.054764] evm: security.selinux
[    1.056006] evm: security.SMACK64
[    1.060006] evm: security.SMACK64EXEC
[    1.064006] evm: security.SMACK64TRANSMUTE
[    1.068008] evm: security.SMACK64MMAP
[    1.072006] evm: security.ima
[    1.076006] evm: security.capability
[    1.080618] clocksource: jiffies: mask: 0xffffffff max_cycles: 0xffffffff, max_idle_ns: 7645041785100000 ns
[    1.084022] futex hash table entries: 512 (order: 3, 32768 bytes)
[    1.088611] pinctrl core: initialized pinctrl subsystem
[    1.092605] RTC time: 17:03:31, date: 05/27/23
[    1.101241] NET: Registered protocol family 16
[    1.120018] cpuidle: using governor ladder
[    1.136018] cpuidle: using governor menu
[    1.140252] PCCT header not found.
[    1.144249] ACPI: bus type PCI registered
[    1.148008] acpiphp: ACPI Hot Plug PCI Controller Driver version: 0.5
[    1.152840] PCI: Using configuration type 1 for base access
[    1.180661] ACPI: Added _OSI(Module Device)
[    1.184008] ACPI: Added _OSI(Processor Device)
[    1.188008] ACPI: Added _OSI(3.0 _SCP Extensions)
[    1.196011] ACPI: Added _OSI(Processor Aggregator Device)
[    1.205070] ACPI: Executed 1 blocks of module-level executable AML code
[    1.225675] ACPI: Interpreter enabled
[    1.228030] ACPI: (supports S0 S5)
[    1.232009] ACPI: Using IOAPIC for interrupt routing
[    1.236621] PCI: Using host bridge windows from ACPI; if necessary, use "pci=nocrs" and report a bug
[    1.265942] ACPI: PCI Root Bridge [PCI0] (domain 0000 [bus 00-ff])
[    1.268020] acpi PNP0A03:00: _OSC: OS supports [ASPM ClockPM Segments MSI]
[    1.273441] acpi PNP0A03:00: _OSC: not requesting OS control; OS requires [ExtendedConfig ASPM ClockPM MSI]
[    1.276026] acpi PNP0A03:00: fail to add MMCONFIG information, can't access extended PCI configuration space under this bridge.
[    1.285269] PCI host bridge to bus 0000:00
[    1.292013] pci_bus 0000:00: root bus resource [io  0x0000-0x0cf7 window]
[    1.296013] pci_bus 0000:00: root bus resource [io  0x0d00-0xffff window]
[    1.300019] pci_bus 0000:00: root bus resource [mem 0x000a0000-0x000bffff window]
[    1.304016] pci_bus 0000:00: root bus resource [mem 0x40000000-0xfdffffff window]
[    1.308015] pci_bus 0000:00: root bus resource [bus 00-ff]
[    1.339248] pci 0000:00:01.1: legacy IDE quirk: reg 0x10: [io  0x01f0-0x01f7]
[    1.340012] pci 0000:00:01.1: legacy IDE quirk: reg 0x14: [io  0x03f6]
[    1.344012] pci 0000:00:01.1: legacy IDE quirk: reg 0x18: [io  0x0170-0x0177]
[    1.348013] pci 0000:00:01.1: legacy IDE quirk: reg 0x1c: [io  0x0376]
[    1.412437] pci 0000:00:07.0: quirk: [io  0x4000-0x403f] claimed by PIIX4 ACPI
[    1.416079] pci 0000:00:07.0: quirk: [io  0x4100-0x410f] claimed by PIIX4 SMB
[    1.437218] ACPI: PCI Interrupt Link [LNKA] (IRQs 5 9 10 *11)
[    1.448972] ACPI: PCI Interrupt Link [LNKB] (IRQs 5 9 *10 11)
[    1.464692] ACPI: PCI Interrupt Link [LNKC] (IRQs 5 *9 10 11)
[    1.477581] ACPI: PCI Interrupt Link [LNKD] (IRQs 5 9 10 *11)
[    1.493773] ACPI: Enabled 2 GPEs in block 00 to 07
[    1.500100] vgaarb: setting as boot device: PCI:0000:00:02.0
[    1.504000] vgaarb: device added: PCI:0000:00:02.0,decodes=io+mem,owns=io+mem,locks=none
[    1.504009] vgaarb: loaded
[    1.508014] vgaarb: bridge control possible 0000:00:02.0
[    1.517157] SCSI subsystem initialized
[    1.520373] ACPI: bus type USB registered
[    1.524102] usbcore: registered new interface driver usbfs
[    1.528159] usbcore: registered new interface driver hub
[    1.532032] usbcore: registered new device driver usb
[    1.540056] PCI: Using ACPI for IRQ routing
[    1.549308] NetLabel: Initializing
[    1.552012] NetLabel:  domain hash size = 128
[    1.556010] NetLabel:  protocols = UNLABELED CIPSOv4
[    1.560029] NetLabel:  unlabeled traffic allowed by default
[    1.568506] amd_nb: Cannot enumerate AMD northbridges
[    1.572490] clocksource: Switched to clocksource kvm-clock
[    1.595834] AppArmor: AppArmor Filesystem Enabled
[    1.595834] pnp: PnP ACPI init
[    1.595834] pnp: PnP ACPI: found 3 devices
[    1.751997] clocksource: acpi_pm: mask: 0xffffff max_cycles: 0xffffff, max_idle_ns: 2085701024 ns
[    1.752677] NET: Registered protocol family 2
[    1.796714] TCP established hash table entries: 8192 (order: 4, 65536 bytes)
[    1.814019] TCP bind hash table entries: 8192 (order: 5, 131072 bytes)
[    1.829143] TCP: Hash tables configured (established 8192 bind 8192)
[    1.832188] UDP hash table entries: 512 (order: 2, 16384 bytes)
[    1.832188] UDP-Lite hash table entries: 512 (order: 2, 16384 bytes)
[    1.832188] NET: Registered protocol family 1
[    1.832188] pci 0000:00:00.0: Limiting direct PCI/PCI transfers
[    1.832188] pci 0000:00:01.0: Activating ISA DMA hang workarounds
[    1.832188] Unpacking initramfs...
[    3.067143] Freeing initrd memory: 14888K
[    3.074609] clocksource: tsc: mask: 0xffffffffffffffff max_cycles: 0x27178451938, max_idle_ns: 440795251172 ns
[    3.091802] platform rtc_cmos: registered platform RTC device (no PNP device found)
[    3.104686] Scanning for low memory corruption every 60 seconds
[    3.117535] audit: initializing netlink subsys (disabled)
[    3.126326] audit: type=2000 audit(1685207016.927:1): initialized
[    3.138453] Initialise system trusted keyring
[    3.147704] HugeTLB registered 2 MB page size, pre-allocated 0 pages
[    3.163849] zbud: loaded
[    3.174462] VFS: Disk quotas dquot_6.6.0
[    3.181678] VFS: Dquot-cache hash table entries: 512 (order 0, 4096 bytes)
[    3.196632] squashfs: version 4.0 (2009/01/31) Phillip Lougher
[    3.212538] fuse init (API version 7.23)
[    3.221870] Key type big_key registered
[    3.225400] Allocating IMA MOK and blacklist keyrings.
[    3.269910] Key type asymmetric registered
[    3.277997] Asymmetric key parser 'x509' registered
[    3.288084] Block layer SCSI generic (bsg) driver version 0.4 loaded (major 249)
[    3.303186] io scheduler noop registered
[    3.314290] io scheduler deadline registered (default)
[    3.328458] io scheduler cfq registered
[    3.337186] pci_hotplug: PCI Hot Plug PCI Core version: 0.5
[    3.351566] pciehp: PCI Express Hot Plug Controller Driver version: 0.4
[    3.367067] ACPI: AC Adapter [AC] (on-line)
[    3.380551] input: Power Button as /devices/LNXSYSTM:00/LNXPWRBN:00/input/input0
[    3.431897] ACPI: Power Button [PWRF]
[    3.440935] input: Sleep Button as /devices/LNXSYSTM:00/LNXSLPBN:00/input/input1
[    3.456162] ACPI: Sleep Button [SLPF]
[    3.465579] GHES: HEST is not enabled!
[    3.468746] ACPI: Battery Slot [BAT0] (battery present)
[    3.485157] Serial: 8250/16550 driver, 32 ports, IRQ sharing enabled
[    3.527483] 00:02: ttyS0 at I/O 0x3f8 (irq = 4, base_baud = 115200) is a 16550A
[    3.574362] Linux agpgart interface v0.103
[    3.601651] loop: module loaded
[    3.612586] scsi host0: ata_piix
[    3.620549] scsi host1: ata_piix
[    3.627317] ata1: PATA max UDMA/33 cmd 0x1f0 ctl 0x3f6 bmdma 0xd000 irq 14
[    3.639253] ata2: PATA max UDMA/33 cmd 0x170 ctl 0x376 bmdma 0xd008 irq 15
[    3.650800] libphy: Fixed MDIO Bus: probed
[    3.658231] tun: Universal TUN/TAP device driver, 1.6
[    3.667016] tun: (C) 1999-2004 Max Krasnyansky <maxk@qualcomm.com>
[    3.677877] PPP generic driver version 2.4.2
[    3.687966] ehci_hcd: USB 2.0 'Enhanced' Host Controller (EHCI) Driver
[    3.699349] ehci-pci: EHCI PCI platform driver
[    3.707072] ehci-platform: EHCI generic platform driver
[    3.715901] ohci_hcd: USB 1.1 'Open' Host Controller (OHCI) Driver
[    3.725999] ohci-pci: OHCI PCI platform driver
[    3.733698] ohci-platform: OHCI generic platform driver
[    3.742387] uhci_hcd: USB Universal Host Controller Interface driver
[    3.752650] i8042: PNP: PS/2 Controller [PNP0303:PS2K,PNP0f03:PS2M] at 0x60,0x64 irq 1,12
[    3.772285] serio: i8042 KBD port at 0x60,0x64 irq 1
[    3.773131] serio: i8042 AUX port at 0x60,0x64 irq 12
[    3.793568] mousedev: PS/2 mouse device common for all mice
[    3.893890] rtc_cmos rtc_cmos: rtc core: registered rtc_cmos as rtc0
[    3.906564] rtc_cmos rtc_cmos: alarms up to one day, 114 bytes nvram
[    3.919355] i2c /dev entries driver
[    3.926904] device-mapper: uevent: version 1.0.3
[    3.937312] device-mapper: ioctl: 4.34.0-ioctl (2015-10-28) initialised: dm-devel@redhat.com
[    3.951656] ledtrig-cpu: registered to indicate activity on CPUs
[    3.966913] input: AT Translated Set 2 keyboard as /devices/platform/i8042/serio0/input/input2
[    3.986156] NET: Registered protocol family 10
[    4.002259] NET: Registered protocol family 17
[    4.016674] Key type dns_resolver registered
[    4.031091] registered taskstats version 1
[    4.040577] Loading compiled-in X.509 certificates
[    4.050860] Loaded X.509 cert 'Build time autogenerated kernel key: cf00e047681d67edb2720680708b7d9498083038'
[    4.068845] zswap: loaded using pool lzo/zbud
[    4.088800] Key type trusted registered
[    4.114927] Key type encrypted registered
[    4.124423] AppArmor: AppArmor sha1 policy hashing enabled
[    4.137291] ima: No TPM chip found, activating TPM-bypass!
[    4.149786] ima: Allocated hash algorithm: sha1
[    4.170400] evm: HMAC attrs: 0x1
[    4.180469]   Magic number: 7:340:88
[    4.188882] rtc_cmos rtc_cmos: setting system clock to 2023-05-27 17:03:35 UTC (1685207015)
[    4.205582] BIOS EDD facility v0.16 2004-Jun-25, 0 devices found
[    4.217618] EDD information not available.
[    4.230006] Freeing unused kernel memory: 1492K
[    4.264225] Write protecting the kernel read-only data: 14336k
[    4.277288] Freeing unused kernel memory: 1584K
[    4.286496] Freeing unused kernel memory: 52K
Loading, please wait...
starting version 229
[    4.346831] random: systemd-udevd: uninitialized urandom read (16 bytes read, 10 bits of entropy available)
[    4.347609] random: udevadm: uninitialized urandom read (16 bytes read, 10 bits of entropy available)
[    4.347652] random: udevadm: uninitialized urandom read (16 bytes read, 10 bits of entropy available)
[    4.379310] random: udevadm: uninitialized urandom read (16 bytes read, 10 bits of entropy available)
[    4.379404] random: udevadm: uninitialized urandom read (16 bytes read, 10 bits of entropy available)
[    4.379812] random: udevadm: uninitialized urandom read (16 bytes read, 10 bits of entropy available)
[    4.379935] random: udevadm: uninitialized urandom read (16 bytes read, 10 bits of entropy available)
[    4.380058] random: udevadm: uninitialized urandom read (16 bytes read, 10 bits of entropy available)
[    4.380259] random: udevadm: uninitialized urandom read (16 bytes read, 10 bits of entropy available)
[    4.380756] random: udevadm: uninitialized urandom read (16 bytes read, 10 bits of entropy available)
[    4.629295] e1000: Intel(R) PRO/1000 Network Driver - version 7.3.21-k8-NAPI
[    4.642559] e1000: Copyright (c) 1999-2006 Intel Corporation.
[    4.657729] Fusion MPT base driver 3.04.20
[    4.667935] Copyright (c) 1999-2008 LSI Corporation
[    4.751569] Fusion MPT SPI Host driver 3.04.20
[    4.836844] SSE version of gcm_enc/dec engaged.
[    4.976443] input: ImExPS/2 Generic Explorer Mouse as /devices/platform/i8042/serio1/input/input4
[    5.856605] e1000 0000:00:03.0 eth0: (PCI:33MHz:32-bit) 02:be:82:6b:cc:1d
[    5.867531] e1000 0000:00:03.0 eth0: Intel(R) PRO/1000 Network Connection
[    5.882616] e1000 0000:00:03.0 enp0s3: renamed from eth0
[    5.895308] mptbase: ioc0: Initiating bringup
[    5.980049] ioc0: LSI53C1030 A0: Capabilities={Initiator}
[    6.178677] scsi host2: ioc0: LSI53C1030 A0, FwRev=00000000h, Ports=1, MaxQ=256, IRQ=20
[    6.307339] scsi 2:0:0:0: Direct-Access     VBOX     HARDDISK         1.0  PQ: 0 ANSI: 5
[    6.321541] scsi target2:0:0: Beginning Domain Validation
[    6.342609] scsi target2:0:0: Domain Validation skipping write tests
[    6.353473] scsi target2:0:0: Ending Domain Validation
[    6.363452] scsi target2:0:0: asynchronous
[    6.375416] scsi 2:0:1:0: Direct-Access     VBOX     HARDDISK         1.0  PQ: 0 ANSI: 5
[    6.388945] scsi target2:0:1: Beginning Domain Validation
[    6.411615] scsi target2:0:1: Domain Validation skipping write tests
[    6.422262] scsi target2:0:1: Ending Domain Validation
[    6.433336] scsi target2:0:1: asynchronous
[    6.493911] sd 2:0:0:0: [sda] 83886080 512-byte logical blocks: (42.9 GB/40.0 GiB)
[    6.546367] sd 2:0:0:0: Attached scsi generic sg0 type 0
[    6.558962] sd 2:0:1:0: [sdb] 20480 512-byte logical blocks: (10.5 MB/10.0 MiB)
[    6.573759] sd 2:0:1:0: Attached scsi generic sg1 type 0
[    6.577013] sd 2:0:1:0: [sdb] Write Protect is off
[    6.578077] sd 2:0:1:0: [sdb] Incomplete mode parameter data
[    6.578079] sd 2:0:1:0: [sdb] Assuming drive cache: write through
[    6.587768] sd 2:0:0:0: [sda] Write Protect is off
[    6.589091] sd 2:0:0:0: [sda] Incomplete mode parameter data
[    6.589093] sd 2:0:0:0: [sda] Assuming drive cache: write through
[    6.602517] sd 2:0:1:0: [sdb] Attached SCSI disk
[    6.602554]  sda: sda1
[    6.615759] sd 2:0:0:0: [sda] Attached SCSI disk
Begin: Loading essential drivers ... [    8.835972] md: linear personality registered for level -1
[    8.852440] md: multipath personality registered for level -4
[    8.868650] md: raid0 personality registered for level 0
[    8.902623] md: raid1 personality registered for level 1
[    8.988148] raid6: sse2x1   gen()  7250 MB/s
[    9.060422] raid6: sse2x1   xor()  4518 MB/s
[    9.132208] raid6: sse2x2   gen()  8749 MB/s
[    9.204671] raid6: sse2x2   xor()  4131 MB/s
[    9.276812] raid6: sse2x4   gen()  7684 MB/s
[    9.352161] raid6: sse2x4   xor()  6324 MB/s
[    9.359054] raid6: using algorithm sse2x2 gen() 8749 MB/s
[    9.367083] raid6: .... xor() 4131 MB/s, rmw enabled
[    9.376292] raid6: using ssse3x2 recovery algorithm
[    9.387694] xor: measuring software checksum speed
[    9.436178]    prefetch64-sse: 12262.000 MB/sec
[    9.484365]    generic_sse: 10411.000 MB/sec
[    9.493232] xor: using function: prefetch64-sse (12262.000 MB/sec)
[    9.509913] async_tx: api initialized (async)
[    9.606792] md: raid6 personality registered for level 6
[    9.616037] md: raid5 personality registered for level 5
[    9.626029] md: raid4 personality registered for level 4
[    9.705597] md: raid10 personality registered for level 10
done.
Begin: Running /scripts/init-premount ... done.
Begin: Mounting root file system ... Begin: Running /scripts/local-top ... done.
Begin: Running /scripts/local-premount ... [   10.098568] Btrfs loaded
Scanning for Btrfs filesystems
done.
Warning: fsck not present, so skipping root file system
[   10.250737] EXT4-fs (sda1): mounted filesystem with ordered data mode. Opts: (null)
done.
Begin: Running /scripts/local-bottom ... done.
Begin: Running /scripts/init-bottom ... done.
[   10.635946] systemd[1]: systemd 229 running in system mode. (+PAM +AUDIT +SELINUX +IMA +APPARMOR +SMACK +SYSVINIT +UTMP +LIBCRYPTSETUP +GCRYPT +GNUTLS +ACL +XZ -LZ4 +SECCOMP +BLKID +ELFUTILS +KMOD -IDN)
[   10.667852] systemd[1]: Detected virtualization oracle.
[   10.671660] systemd[1]: Detected architecture x86-64.

Welcome to [1mUbuntu 16.04.7 LTS[0m!

[   10.704934] systemd[1]: Set hostname to <ubuntu>.
[   10.731943] systemd[1]: Initializing machine ID from random generator.
[   10.747376] systemd[1]: Installed transient /etc/machine-id file.
[   11.307292] systemd[1]: Listening on fsck to fsckd communication Socket.
[[0;32m  OK  [0m] Listening on fsck to fsckd communication Socket.
[   11.332833] systemd[1]: Started Trigger resolvconf update for networkd DNS.
[[0;32m  OK  [0m] Started Trigger resolvconf update for networkd DNS.
[   11.384274] systemd[1]: Listening on udev Kernel Socket.
[[0;32m  OK  [0m] Listening on udev Kernel Socket.
[   11.555508] systemd[1]: Listening on Journal Audit Socket.
[[0;32m  OK  [0m] Listening on Journal Audit Socket.
[   11.589234] systemd[1]: Created slice User and Session Slice.
[[0;32m  OK  [0m] Created slice User and Session Slice.
[   11.614948] systemd[1]: Reached target System Time Synchronized.
[[0;32m  OK  [0m] Reached target System Time Synchronized.
[   11.638426] systemd[1]: Started Forward Password Requests to Wall Directory Watch.
[[0;32m  OK  [0m] Started Forward Password Requests to Wall Directory Watch.
[   11.676433] systemd[1]: Listening on Syslog Socket.
[[0;32m  OK  [0m] Listening on Syslog Socket.
[   11.696946] systemd[1]: Listening on Device-mapper event daemon FIFOs.
[   11.712044] random: nonblocking pool is initialized
[[0;32m  OK  [0m] Listening on Device-mapper event daemon FIFOs.
[   11.728347] systemd[1]: Listening on /dev/initctl Compatibility Named Pipe.
[[0;32m  OK  [0m] Listening on /dev/initctl Compatibility Named Pipe.
[   11.753918] systemd[1]: Listening on udev Control Socket.
[[0;32m  OK  [0m] Listening on udev Control Socket.
[   11.785480] systemd[1]: Set up automount Arbitrary Executable File Formats File System Automount Point.
[[0;32m  OK  [0m] Set up automount Arbitrary Executab...ats File System Automount Point.
[   11.821645] systemd[1]: Listening on Journal Socket.
[[0;32m  OK  [0m] Listening on Journal Socket.
[   11.857795] systemd[1]: Reached target User and Group Name Lookups.
[[0;32m  OK  [0m] Reached target User and Group Name Lookups.
[   11.885288] systemd[1]: Created slice System Slice.
[[0;32m  OK  [0m] Created slice System Slice.
[   11.952446] systemd[1]: Mounting Huge Pages File System...
         Mounting Huge Pages File System...
[   11.972759] systemd[1]: Starting File System Check on Root Device...
         Starting File System Ch[   11.994541] systemd[1]: Starting Nameserver information manager...
eck on Root Device...
         Starting Nameserver information manager...
[   12.019004] systemd[1]: Mounting POSIX Message Queue File System...
         Mounting POSIX Message Queue File System...
[   12.084050] systemd[1]: Starting Set console keymap...
         Starting Set console keymap...
[   12.133504] systemd[1]: Reached target Slices.
[[0;32m  OK  [0m] Reached target Slices.
[   12.219278] systemd[1]: Starting Uncomplicated firewall...
         Starting Uncomplicated firewall...
[   12.249238] systemd[1]: Mounting Debug File System...
         Mounting Debug File System...
[   12.310308] systemd[1]: Reached target Swap.
[[0;32m  OK  [0m] Reached target Swap.
[   12.334259] systemd[1]: Reached target Encrypted Volumes.
[[0;32m  OK  [0m] Reached target Encrypted Volumes.
[   12.361172] systemd[1]: Created slice system-serial\x2dgetty.slice.
[[0;32m  OK  [0m] Created slice system-serial\x2dgetty.slice.
[   12.387128] systemd[1]: Listening on LVM2 metadata daemon socket.
[[0;32m  OK  [0m] Listening on LVM2 metadata daemon socket.
[   12.454959] systemd[1]: Starting Monitoring of LVM2 mirrors, snapshots etc. using dmeventd or progress polling...
         Starting Monitoring of LVM2 mirrors... dmeventd or progress polling...
[   12.491086] systemd[1]: Listening on Journal Socket (/dev/log).
[[0;32m  OK  [0m] Listening on Journal Socket (/dev/log).
[   12.515362] systemd[1]: Starting Journal Service...
         Starting Journal Service...
[   12.545850] systemd[1]: Starting Create list of required static device nodes for the current kernel...
         Starting Create list of required st... nodes for the current kernel...
[   12.618493] systemd[1]: Starting Load Kernel Modules...
         Starting Load Kernel Modules...
[   12.655685] systemd[1]: Listening on LVM2 poll daemon socket.
[[0;32m  OK  [0m] Listening on LVM2 poll daemon socket.
[   12.703305] Loading iSCSI transport class v2.0-870.
[   12.721395] systemd[1]: Mounted Huge Pages File System.
[[0;32m  OK  [0m] Mounted Huge Pages File System.
[   12.751898] systemd[1]: Mounted POSIX Message Queue File System.
[   12.765967] iscsi: registered transport (tcp)
[[0;32m  OK  [0m] Mounted POSIX Message Queue File System.
[   12.787680] systemd[1]: Mounted Debug File System.
[[0;32m  OK  [0m] Mounted Debug File System.
[   12.816238] systemd[1]: Started Journal Service.
[[0;32m  OK  [0m] Started Journal Service.
[[0;32m  OK  [0m] Started File System Check on Root Device.
[[0;32m  OK  [0m] Started Set console keymap.
[[0;32m  OK  [0m] Started Uncomplicated firewall.
[[0;32m  OK  [0m] Started Create list of required sta...ce nodes for the current kernel.
[   12.980846] iscsi: registered transport (iser)
[[0;32m  OK  [0m] Started Nameserver information manager.
[[0;32m  OK  [0m] Started Load Kernel Modules.
[[0;32m  OK  [0m] Started File System Check Daemon to report status.
[[0;32m  OK  [0m] Started LVM2 metadata daemon.
         Starting Apply Kernel Variables...
         Mounting FUSE Control File System...
         Starting Create Static Device Nodes in /dev...
         Starting Remount Root and Kernel File Systems...
[[0;32m  OK  [0m] Mounted FUSE Control File System.
[[0;32m  OK  [0m] Started Apply Kernel Variables.
[[0;32m  OK  [0m] Started Create Static Device Nodes in /dev.
[[0;32m  OK  [0m] Started Remount Root and Kernel File Systems.
         Starting Flush Journal to Persistent Storage...
         Starting udev Coldplug all Devices...
         Starting Load/Save Random Seed...
         Starting udev Kernel Device Manager...
[[0;32m  OK  [0m] Started Monitoring of LVM2 mirrors,...ng dmeventd or progress polling.
[[0;32m  OK  [0m] Reached target Local File Systems (Pre).
[[0;32m  OK  [0m] Reached target Local File Systems.
         Starting LSB: AppArmor initialization...
         Starting Tell Plymouth To Write Out Runtime Data...
         Starting Initial cloud-init job (pre-networking)...
         Starting Set console font and keymap...
         Starting Commit a transient machine-id on disk...
[[0;32m  OK  [0m] Started Load/Save Random Seed.
[[0;32m  OK  [0m] Started Tell Plymouth To Write Out Runtime Data.
[[0;32m  OK  [0m] Started Flush Journal to Persistent Storage.
         Starting Create Volatile Files and Directories...
[[0;32m  OK  [0m] Started Commit a transient machine-id on disk.
[[0;32m  OK  [0m] Started Create Volatile Files and Directories.
[[0;32m  OK  [0m] Started udev Kernel Device Manager.
         Starting Update UTMP about System Boot/Shutdown...
[[0;32m  OK  [0m] Started Update UTMP about System Boot/Shutdown.
[[0;32m  OK  [0m] Started udev Coldplug all Devices.
[[0;32m  OK  [0m] Started Dispatch Password Requests to Console Directory Watch.
[[0;32m  OK  [0m] Found device /dev/ttyS0.
[[0;32m  OK  [0m] Listening on Load/Save RF Kill Switch Status /dev/rfkill Watch.
[[0;32m  OK  [0m] Started Set console font and keymap.
[[0;32m  OK  [0m] Created slice system-getty.slice.
[[0;32m  OK  [0m] Started LSB: AppArmor initialization.
         Starting Load AppArmor profiles managed internally by snapd...
[[0;32m  OK  [0m] Started Load AppArmor profiles managed internally by snapd.
[   17.400431] cloud-init[483]: Cloud-init v. 21.1-19-gbad84ad4-0ubuntu1~16.04.2 running 'init-local' at Sat, 27 May 2023 17:03:47 +0000. Up 16.45 seconds.
[[0;32m  OK  [0m] Started Initial cloud-init job (pre-networking).
[[0;32m  OK  [0m] Reached target Network (Pre).
         Starting Raise network interfaces...
[[0;32m  OK  [0m] Started Raise network interfaces.
         Starting Initial cloud-init job (metadata service crawler)...
[[0;32m  OK  [0m] Reached target Network.
[   20.842428] cloud-init[941]: Cloud-init v. 21.1-19-gbad84ad4-0ubuntu1~16.04.2 running 'init' at Sat, 27 May 2023 17:03:50 +0000. Up 19.32 seconds.
[   20.854779] cloud-init[941]: ci-info: ++++++++++++++++++++++++++++++++++++++Net device info++++++++++++++++++++++++++++++++++++++
[   20.868022] cloud-init[941]: ci-info: +--------+------+----------------------------+---------------+--------+-------------------+
[   20.881449] cloud-init[941]: ci-info: | Device |  Up  |          Address           |      Mask     | Scope  |     Hw-Address    |
[   20.895302] cloud-init[941]: ci-info: +--------+------+----------------------------+---------------+--------+-------------------+
[   20.906942] cloud-init[941]: ci-info: | enp0s3 | True |         10.0.2.15          | 255.255.255.0 | global | 02:be:82:6b:cc:1d |
[   20.919969] cloud-init[941]: ci-info: | enp0s3 | True | fe80::be:82ff:fe6b:cc1d/64 |       .       |  link  | 02:be:82:6b:cc:1d |
[   20.931186] cloud-init[941]: ci-info: |   lo   | True |         127.0.0.1          |   255.0.0.0   |  host  |         .         |
[   20.944013] cloud-init[941]: ci-info: |   lo   | True |          ::1/128           |       .       |  host  |         .         |
[   20.956957] cloud-init[941]: ci-info: +--------+------+----------------------------+---------------+--------+-------------------+
[   20.967920] cloud-init[941]: ci-info: +++++++++++++++++++++++++++Route IPv4 info++++++++++++++++++++++++++++
[   20.979446] cloud-init[941]: ci-info: +-------+-------------+----------+---------------+-----------+-------+
[   20.991459] cloud-init[941]: ci-info: | Route | Destination | Gateway  |    Genmask    | Interface | Flags |
[   21.002902] cloud-init[941]: ci-info: +-------+-------------+----------+---------------+-----------+-------+
[   21.014556] cloud-init[941]: ci-info: |   0   |   0.0.0.0   | 10.0.2.2 |    0.0.0.0    |   enp0s3  |   UG  |
[   21.026935] cloud-init[941]: ci-info: |   1   |   10.0.2.0  | 0.0.0.0  | 255.255.255.0 |   enp0s3  |   U   |
[   21.037516] cloud-init[941]: ci-info: +-------+-------------+----------+---------------+-----------+-------+
[   21.049455] cloud-init[941]: ci-info: +++++++++++++++++++Route IPv6 info+++++++++++++++++++
[   21.059569] cloud-init[941]: ci-info: +-------+-------------+---------+-----------+-------+
[   21.072491] cloud-init[941]: ci-info: | Route | Destination | Gateway | Interface | Flags |
[   21.082830] cloud-init[941]: ci-info: +-------+-------------+---------+-----------+-------+
[   21.093090] cloud-init[941]: ci-info: |   0   |  fe80::/64  |    ::   |   enp0s3  |   U   |
[   21.102175] cloud-init[941]: ci-info: |   3   |   ff00::/8  |    ::   |   enp0s3  |   U   |
[   21.112711] cloud-init[941]: ci-info: +-------+-------------+---------+-----------+-------+
[   21.121833] cloud-init[941]: Generating public/private rsa key pair.
[   21.130956] cloud-init[941]: Your identification has been saved in /etc/ssh/ssh_host_rsa_key.
[   21.140167] cloud-init[941]: Your public key has been saved in /etc/ssh/ssh_host_rsa_key.pub.
[   21.150039] cloud-init[941]: The key fingerprint is:
[   21.157903] cloud-init[941]: SHA256:w/VLrlBFa0wVY2MMdoRlUwPeufoo7f49ZcsQ5deQkns root@ubuntu-xenial
[   21.168327] cloud-init[941]: The key's randomart image is:
[[0;32m  OK  [0m] Started Initial cloud-init job (metadata service crawler).
[[0;32m  OK  [0m] Reached target Cloud-config availability.
[[0;32m  OK  [0m] Reached target Network is Online.
[   21.190230] cloud-init[941]: +---[RSA 2048]----+         Starting iSCSI initiator daemon (iscsid)...
[[0;32m  OK  [0m] Reached target System Initialization.
[[0;32m  OK  [0m] Started Daily apt download activities.
[[0;32m  OK  [0m] Listening on ACPID Listen Socket.
[[0;32m  OK  [0m] Listening on D-Bus System Message Bus Socket.

[[0;32m  OK  [0m] Started ACPI Events Check.
[[0;32m  OK  [0m] Reached target Paths.
         Starting Socket activation for snappy daemon.
[[0;32m  OK  [0m] Started Daily Cleanup of Temporary Directories.
         Starting LXD - unix socket.
[[0;32m  OK  [0m] Started Daily apt upgrade and clean activities.
[[0;32m  OK  [0m] Started Message of the Day.
[[0;32m  OK  [0m] Listening on UUID daemon activation socket.
[[0;32m  OK  [0m] Started Ubuntu Advantage update messaging.
[[0;32m  OK  [0m] Reached target Timers.
[   21.232277] cloud-init[941]: |            =X#=.|
[[0;32m  OK  [0m] Listening on Socket activation for snappy daemon.
[   21.417449] cloud-init[941]: |           ==*==o|
[   21.444876] cloud-init[941]: |          . =+o+.|
[   21.461685] cloud-init[941]: |       . . +..E.+|
[[0;32m  OK  [0m] Listening on LXD - unix socket.
[[0;32m  OK  [0m] Reached target Sockets.
[   21.496172] cloud-init[941]: |        S . o....|
[   21.555841] cloud-init[941]: |         o o o. o|
[   21.555989] cloud-init[941]: |        .   +.o.o|
[   21.556497] cloud-init[941]: |         . o .o+.|
[   21.564510] cloud-init[941]: |          . ++.oo|
[   21.564972] cloud-init[941]: +----[SHA256]-----+
[   21.565754] cloud-init[941]: Generating public/private dsa key pair.
[   21.566452] cloud-init[941]: Your identification has been saved in /etc/ssh/ssh_host_dsa_key.
[   21.568809] cloud-init[941]: Your public key has been saved in /etc/ssh/ssh_host_dsa_key.pub.
[   21.569499] cloud-init[941]: The key fingerprint is:
[   21.570247] cloud-init[941]: SHA256:9rI5v63tlPib5Yk5wpQ5gUzMZinufLmPbGBwYuAEL8o root@ubuntu-xenial
[   21.571310] cloud-init[941]: The key's randomart image is:
[   21.577213] cloud-init[941]: +---[DSA 1024]----+
[   21.577849] cloud-init[941]: |..     o .       |
[   21.578539] cloud-init[941]: | .o   . B        |
[   21.579322] cloud-init[941]: |.o.. . * .       |
[   21.580876] cloud-init[941]: |o.. + o o .      |
[   21.581565] cloud-init[941]: |.E . *  S. +     |
[   21.586147] cloud-init[941]: |      =.o.=. .   |
[   21.586666] cloud-init[941]: |     . o.+o.o .  |
[   21.590450] cloud-init[941]: |       .+=o=.* . |
[   21.593053] cloud-init[941]: |       .=+==Xoo  |
[   21.593759] cloud-init[941]: +----[SHA256]-----+
[   21.596981] cloud-init[941]: Generating public/private ecdsa key pair.
[   21.597734] cloud-init[941]: Your identification has been saved in /etc/ssh/ssh_host_ecdsa_key.
[   21.598611] cloud-init[941]: Your public key has been saved in /etc/ssh/ssh_host_ecdsa_key.pub.
[   21.601217] cloud-init[941]: The key fingerprint is:
[   21.601935] cloud-init[941]: SHA256:Fu8+nplih5OfmAxZjOBSmYr8cb8YuXeEQToqRm/sW3k root@ubuntu-xenial
[   21.602661] cloud-init[941]: The key's randomart image is:
[   21.603406] cloud-init[941]: +---[ECDSA 256]---+
[   21.604849] cloud-init[941]: |                 |
[   21.607818] cloud-init[941]: |     o .         |
[   21.613572] cloud-init[941]: |    = o .        |
[   21.613748] cloud-init[941]: |.o + + + o       |
[   21.620431] cloud-init[941]: |o.=.o.o S .      |
[   21.623013] cloud-init[941]: | o.*o += o       |
[   21.623108] cloud-init[941]: |. +. =oE.o.      |
[   21.623257] cloud-init[941]: |   .. =+B=o=     |
[   21.623351] cloud-init[941]: |   ..o.o=*O.     |
[   21.623414] cloud-init[941]: +----[SHA256]-----+
[   21.623476] cloud-init[941]: Generating public/private ed25519 key pair.
[   21.623549] cloud-init[941]: Your identification has been saved in /etc/ssh/ssh_host_ed25519_key.
[   21.623630] cloud-init[941]: Your public key has been saved in /etc/ssh/ssh_host_ed25519_key.pub.
[   21.623701] cloud-init[941]: The key fingerprint is:
[   21.623777] cloud-init[941]: SHA256:qUu58apg7/vVPS5u71di+RJhDI/tBkxjNdBTMf4aMmA root@ubuntu-xenial
[   21.623867] cloud-init[941]: The key's randomart image is:
[   21.623958] cloud-init[941]: +--[ED25519 256]--+
[   21.626063] cloud-init[941]: |            .+o+o|
[   21.626767] cloud-init[941]: |            = +..|
[   21.627939] cloud-init[941]: |          E+ B o |
[   21.629636] cloud-init[941]: |         o .+ * .|
[   21.631468] cloud-init[941]: |        S   o+.o.|
[   21.631834] cloud-init[941]: |       o . . oBo.|
[   21.640111] cloud-init[941]: |  o   = . . oo.= |
[   21.645494] cloud-init[941]: | . o . *  o. .o .|
[   21.651882] cloud-init[941]: |   .=+=..o.++. . |
[   21.653990] cloud-init[941]: +----[SHA256]-----+
[[0;32m  OK  [0m] Reached target Basic System.
[[0;32m  OK  [0m] Started Deferred execution scheduler.
         Starting LXD - container startup/shutdown...
         Starting /etc/rc.local Compatibility...
         Starting Virtualbox guest utils...
         Starting LSB: MD monitoring daemon...
[[0;32m  OK  [0m] Started FUSE filesystem for LXC.
[[0;32m  OK  [0m] Started D-Bus System Message Bus.
         Starting System Logging Service...
[[0;32m  OK  [0m] Started Regular background program processing daemon.
         Starting Snap Daemon...
         Starting Pollinate to seed the pseudo random number generator...
         Starting Accounts Service...
         Starting Login Service...
         Starting LSB: Record successful boot for GRUB...
[[0;32m  OK  [0m] Started ACPI event daemon.
[[0;32m  OK  [0m] Started System Logging Service.
[[0;32m  OK  [0m] Started iSCSI initiator daemon (iscsid).
[[0;32m  OK  [0m] Started /etc/rc.local Compatibility.
[[0;32m  OK  [0m] Started LXD - container startup/shutdown.
         Starting Login to default iSCSI targets...
[[0;32m  OK  [0m] Started Login Service.
[[0;32m  OK  [0m] Started Unattended Upgrades Shutdown.
[[0;32m  OK  [0m] Started LSB: Record successful boot for GRUB.
[[0;32m  OK  [0m] Started LSB: MD monitoring daemon.
         Starting Authenticate and Authorize Users to Run Privileged Tasks...
[[0;32m  OK  [0m] Started Login to default iSCSI targets.
[[0;32m  OK  [0m] Reached target Remote File Systems (Pre).
[[0;32m  OK  [0m] Reached target Remote File Systems.
         Starting LSB: daemon to balance interrupts for SMP systems...
         Starting LSB: automatic crash report generation...
         Starting LSB: Set the CPU Frequency Scaling governor to "ondemand"...
         Starting Permit User Sessions...
[[0;32m  OK  [0m] Started Permit User Sessions.
         Starting Terminate Plymouth Boot Screen...
         Starting Hold until boot process finishes up...
[[0;32m  OK  [0m] Started Hold until boot process finishes up.
[[0;32m  OK  [0m] Started Terminate Plymouth Boot Screen.
[[0;32m  OK  [0m] Started Authenticate and Authorize Users to Run Privileged Tasks.
[[0;32m  OK  [0m] Started Getty on tty1.
         Starting Set console scheme...
[[0;32m  OK  [0m] Started Serial Getty on ttyS0.
[[0;32m  OK  [0m] Reached target Login Prompts.
[[0;32m  OK  [0m] Started Accounts Service.
[[0;32m  OK  [0m] Started Set console scheme.
[[0;32m  OK  [0m] Started LSB: Set the CPU Frequency Scaling governor to "ondemand".
[[0;32m  OK  [0m] Started LSB: daemon to balance interrupts for SMP systems.
[[0;32m  OK  [0m] Started LSB: automatic crash report generation.
[[0;32m  OK  [0m] Started Virtualbox guest utils.
[[0;32m  OK  [0m] Started Snap Daemon.
         Starting Wait until snapd is fully seeded...
[[0;32m  OK  [0m] Started Pollinate to seed the pseudo random number generator.
         Starting OpenBSD Secure Shell server...
[[0;32m  OK  [0m] Started OpenBSD Secure Shell server.
[[0;32m  OK  [0m] Created slice User Slice of vagrant.
[[0;32m  OK  [0m] Started Session 1 of user vagrant.
         Starting User Manager for UID 1000...
[[0;32m  OK  [0m] Started User Manager for UID 1000.

Ubuntu 16.04.7 LTS ubuntu-xenial ttyS0

ubuntu-xenial login: [   30.511827] cloud-init[1465]: Generating locales (this might take a while)...
[   33.620450] cloud-init[1465]:   en_US.UTF-8... done
[   33.643984] cloud-init[1465]: Generation complete.
[   34.993885] cloud-init[1465]: Cloud-init v. 21.1-19-gbad84ad4-0ubuntu1~16.04.2 running 'modules:config' at Sat, 27 May 2023 17:04:01 +0000. Up 29.92 seconds.
ci-info: no authorized SSH keys fingerprints found for user ubuntu.
<14>May 27 17:04:08 ec2: 
<14>May 27 17:04:08 ec2: #############################################################
<14>May 27 17:04:08 ec2: -----BEGIN SSH HOST KEY FINGERPRINTS-----
<14>May 27 17:04:08 ec2: 1024 SHA256:9rI5v63tlPib5Yk5wpQ5gUzMZinufLmPbGBwYuAEL8o root@ubuntu-xenial (DSA)
<14>May 27 17:04:08 ec2: 256 SHA256:Fu8+nplih5OfmAxZjOBSmYr8cb8YuXeEQToqRm/sW3k root@ubuntu-xenial (ECDSA)
<14>May 27 17:04:08 ec2: 256 SHA256:qUu58apg7/vVPS5u71di+RJhDI/tBkxjNdBTMf4aMmA root@ubuntu-xenial (ED25519)
<14>May 27 17:04:08 ec2: 2048 SHA256:w/VLrlBFa0wVY2MMdoRlUwPeufoo7f49ZcsQ5deQkns root@ubuntu-xenial (RSA)
<14>May 27 17:04:08 ec2: -----END SSH HOST KEY FINGERPRINTS-----
<14>May 27 17:04:08 ec2: #############################################################
-----BEGIN SSH HOST KEY KEYS-----
ecdsa-sha2-nistp256 AAAAE2VjZHNhLXNoYTItbmlzdHAyNTYAAAAIbmlzdHAyNTYAAABBBIyWdaVsbZr2LQEcCaFWg7H4TFNnrqVmf2c6CUWk/kGUTQwULfzeAzH5FuqyNcxKHODQE0SNMVu4hWmRYnK/gDI= root@ubuntu-xenial
ssh-ed25519 AAAAC3NzaC1lZDI1NTE5AAAAIHprAvHQtrtbNkmoUIEUkm/DePwBzuPuWb44YkvFEf5R root@ubuntu-xenial
ssh-rsa AAAAB3NzaC1yc2EAAAADAQABAAABAQDMu8WvhIXU0fs/rQVO2T8th3W2j7MnAhCy/cO74qGHykqct+uG9K9pxW6SQaJkOKXHdchJS8XGYrkdZvkIC/dN+vGlRhRVwG95EdjTjAHCe26JnQ4E/BaVOzJ5VU4HZWcIQ5VRFoBQHpWPEGBOGo8fO819j/l1/XZe5AMv0q/r/b4Jdm1x4mdidhqY9f8ks+5Hb84D0EWUwUd/M943dpsPEiBglqBKz6ucdpRSNIJQG9MJix5FFgLftRot/XEoeHx10I/ur1DIZhxSjz2AA/HyjafRRnMoFIOy6OkanWP7yWXvnCEru6JkwKCBvCupiLbBOkTl0XLZw40AhYLdSFcJ root@ubuntu-xenial
-----END SSH HOST KEY KEYS-----
[   37.111242] cloud-init[1575]: Cloud-init v. 21.1-19-gbad84ad4-0ubuntu1~16.04.2 running 'modules:final' at Sat, 27 May 2023 17:04:07 +0000. Up 36.64 seconds.
[   37.138703] cloud-init[1575]: ci-info: no authorized SSH keys fingerprints found for user ubuntu.
[   37.146495] cloud-init[1575]: Cloud-init v. 21.1-19-gbad84ad4-0ubuntu1~16.04.2 finished at Sat, 27 May 2023 17:04:08 +0000. Datasource DataSourceNoCloud [seed=/dev/sdb][dsmode=net].  Up 37.02 seconds
